# JRE version: OpenJDK Runtime Environment (8.0_242-b01) (build 1.8.0_242-release-1644-b01)
# Java VM: OpenJDK 64-Bit Server VM (25.242-b01 mixed mode windows-amd64 compressed oops)
Heap:
 PSYoungGen      total 438272K, used 290508K [0x00000000e0000000, 0x0000000100000000, 0x0000000100000000)
  eden space 387072K, 61% used [0x00000000e0000000,0x00000000ee9b6cb0,0x00000000f7a00000)
  from space 51200K, 99% used [0x00000000f7a00000,0x00000000fabfc368,0x00000000fac00000)
  to   space 72704K, 0% used [0x00000000fb900000,0x00000000fb900000,0x0000000100000000)
 ParOldGen       total 640000K, used 527302K [0x00000000a0000000, 0x00000000c7100000, 0x00000000e0000000)
  object space 640000K, 82% used [0x00000000a0000000,0x00000000c02f18e8,0x00000000c7100000)
 Metaspace       used 253525K, capacity 266237K, committed 266352K, reserved 1280000K
  class space    used 33676K, capacity 35917K, committed 36008K, reserved 1048576K
GC Heap History (10 events):
Event: 185.439 GC heap before
{Heap before GC invocations=137 (full 8):
 PSYoungGen      total 493056K, used 470976K [0x00000000e0000000, 0x0000000100000000, 0x0000000100000000)
  eden space 467968K, 100% used [0x00000000e0000000,0x00000000fc900000,0x00000000fc900000)
  from space 25088K, 11% used [0x00000000fe780000,0x00000000fea70000,0x0000000100000000)
  to   space 28160K, 0% used [0x00000000fc900000,0x00000000fc900000,0x00000000fe480000)
 ParOldGen       total 640000K, used 440732K [0x00000000a0000000, 0x00000000c7100000, 0x00000000e0000000)
  object space 640000K, 68% used [0x00000000a0000000,0x00000000bae67080,0x00000000c7100000)
 Metaspace       used 248530K, capacity 259899K, committed 261360K, reserved 1275904K
  class space    used 32958K, capacity 35003K, committed 35368K, reserved 1048576K
Event: 185.445 GC heap after
Heap after GC invocations=137 (full 8):
 PSYoungGen      total 471552K, used 3136K [0x00000000e0000000, 0x0000000100000000, 0x0000000100000000)
  eden space 467968K, 0% used [0x00000000e0000000,0x00000000e0000000,0x00000000fc900000)
  from space 3584K, 87% used [0x00000000fc900000,0x00000000fcc10000,0x00000000fcc80000)
  to   space 30208K, 0% used [0x00000000fe280000,0x00000000fe280000,0x0000000100000000)
 ParOldGen       total 640000K, used 440732K [0x00000000a0000000, 0x00000000c7100000, 0x00000000e0000000)
  object space 640000K, 68% used [0x00000000a0000000,0x00000000bae67080,0x00000000c7100000)
 Metaspace       used 248530K, capacity 259899K, committed 261360K, reserved 1275904K
  class space    used 32958K, capacity 35003K, committed 35368K, reserved 1048576K
}
Event: 186.159 GC heap before
{Heap before GC invocations=138 (full 8):
 PSYoungGen      total 471552K, used 471104K [0x00000000e0000000, 0x0000000100000000, 0x0000000100000000)
  eden space 467968K, 100% used [0x00000000e0000000,0x00000000fc900000,0x00000000fc900000)
  from space 3584K, 87% used [0x00000000fc900000,0x00000000fcc10000,0x00000000fcc80000)
  to   space 30208K, 0% used [0x00000000fe280000,0x00000000fe280000,0x0000000100000000)
 ParOldGen       total 640000K, used 440732K [0x00000000a0000000, 0x00000000c7100000, 0x00000000e0000000)
  object space 640000K, 68% used [0x00000000a0000000,0x00000000bae67080,0x00000000c7100000)
 Metaspace       used 248572K, capacity 260013K, committed 261616K, reserved 1275904K
  class space    used 32966K, capacity 35012K, committed 35368K, reserved 1048576K
Event: 186.186 GC heap after
Heap after GC invocations=138 (full 8):
 PSYoungGen      total 482816K, used 30201K [0x00000000e0000000, 0x0000000100000000, 0x0000000100000000)
  eden space 452608K, 0% used [0x00000000e0000000,0x00000000e0000000,0x00000000fba00000)
  from space 30208K, 99% used [0x00000000fe280000,0x00000000ffffe728,0x0000000100000000)
  to   space 35840K, 0% used [0x00000000fba00000,0x00000000fba00000,0x00000000fdd00000)
 ParOldGen       total 640000K, used 446936K [0x00000000a0000000, 0x00000000c7100000, 0x00000000e0000000)
  object space 640000K, 69% used [0x00000000a0000000,0x00000000bb476090,0x00000000c7100000)
 Metaspace       used 248572K, capacity 260013K, committed 261616K, reserved 1275904K
  class space    used 32966K, capacity 35012K, committed 35368K, reserved 1048576K
}
Event: 187.819 GC heap before
{Heap before GC invocations=139 (full 8):
 PSYoungGen      total 482816K, used 482809K [0x00000000e0000000, 0x0000000100000000, 0x0000000100000000)
  eden space 452608K, 100% used [0x00000000e0000000,0x00000000fba00000,0x00000000fba00000)
  from space 30208K, 99% used [0x00000000fe280000,0x00000000ffffe728,0x0000000100000000)
  to   space 35840K, 0% used [0x00000000fba00000,0x00000000fba00000,0x00000000fdd00000)
 ParOldGen       total 640000K, used 446936K [0x00000000a0000000, 0x00000000c7100000, 0x00000000e0000000)
  object space 640000K, 69% used [0x00000000a0000000,0x00000000bb476090,0x00000000c7100000)
 Metaspace       used 249643K, capacity 261655K, committed 262256K, reserved 1275904K
  class space    used 33130K, capacity 35271K, committed 35496K, reserved 1048576K
Event: 187.881 GC heap after
Heap after GC invocations=139 (full 8):
 PSYoungGen      total 488448K, used 35829K [0x00000000e0000000, 0x0000000100000000, 0x0000000100000000)
  eden space 452608K, 0% used [0x00000000e0000000,0x00000000e0000000,0x00000000fba00000)
  from space 35840K, 99% used [0x00000000fba00000,0x00000000fdcfd7d0,0x00000000fdd00000)
  to   space 35840K, 0% used [0x00000000fdd00000,0x00000000fdd00000,0x0000000100000000)
 ParOldGen       total 640000K, used 518501K [0x00000000a0000000, 0x00000000c7100000, 0x00000000e0000000)
  object space 640000K, 81% used [0x00000000a0000000,0x00000000bfa59620,0x00000000c7100000)
 Metaspace       used 249643K, capacity 261655K, committed 262256K, reserved 1275904K
  class space    used 33130K, capacity 35271K, committed 35496K, reserved 1048576K
}
Event: 188.353 GC heap before
{Heap before GC invocations=140 (full 8):
 PSYoungGen      total 488448K, used 488437K [0x00000000e0000000, 0x0000000100000000, 0x0000000100000000)
  eden space 452608K, 100% used [0x00000000e0000000,0x00000000fba00000,0x00000000fba00000)
  from space 35840K, 99% used [0x00000000fba00000,0x00000000fdcfd7d0,0x00000000fdd00000)
  to   space 35840K, 0% used [0x00000000fdd00000,0x00000000fdd00000,0x0000000100000000)
 ParOldGen       total 640000K, used 518501K [0x00000000a0000000, 0x00000000c7100000, 0x00000000e0000000)
  object space 640000K, 81% used [0x00000000a0000000,0x00000000bfa59620,0x00000000c7100000)
 Metaspace       used 249990K, capacity 262139K, committed 262512K, reserved 1275904K
  class space    used 33184K, capacity 35347K, committed 35496K, reserved 1048576K
Event: 188.382 GC heap after
Heap after GC invocations=140 (full 8):
 PSYoungGen      total 422912K, used 35837K [0x00000000e0000000, 0x0000000100000000, 0x0000000100000000)
  eden space 387072K, 0% used [0x00000000e0000000,0x00000000e0000000,0x00000000f7a00000)
  from space 35840K, 99% used [0x00000000fdd00000,0x00000000fffff658,0x0000000100000000)
  to   space 68608K, 0% used [0x00000000f7a00000,0x00000000f7a00000,0x00000000fbd00000)
 ParOldGen       total 640000K, used 527294K [0x00000000a0000000, 0x00000000c7100000, 0x00000000e0000000)
  object space 640000K, 82% used [0x00000000a0000000,0x00000000c02ef8e8,0x00000000c7100000)
 Metaspace       used 249990K, capacity 262139K, committed 262512K, reserved 1275904K
  class space    used 33184K, capacity 35347K, committed 35496K, reserved 1048576K
}
Event: 190.449 GC heap before
{Heap before GC invocations=141 (full 8):
 PSYoungGen      total 422912K, used 422909K [0x00000000e0000000, 0x0000000100000000, 0x0000000100000000)
  eden space 387072K, 100% used [0x00000000e0000000,0x00000000f7a00000,0x00000000f7a00000)
  from space 35840K, 99% used [0x00000000fdd00000,0x00000000fffff658,0x0000000100000000)
  to   space 68608K, 0% used [0x00000000f7a00000,0x00000000f7a00000,0x00000000fbd00000)
 ParOldGen       total 640000K, used 527294K [0x00000000a0000000, 0x00000000c7100000, 0x00000000e0000000)
  object space 640000K, 82% used [0x00000000a0000000,0x00000000c02ef8e8,0x00000000c7100000)
 Metaspace       used 252299K, capacity 264913K, committed 265072K, reserved 1277952K
  class space    used 33515K, capacity 35748K, committed 35752K, reserved 1048576K
Event: 190.493 GC heap after
Heap after GC invocations=141 (full 8):
 PSYoungGen      total 438272K, used 51184K [0x00000000e0000000, 0x0000000100000000, 0x0000000100000000)
  eden space 387072K, 0% used [0x00000000e0000000,0x00000000e0000000,0x00000000f7a00000)
  from space 51200K, 99% used [0x00000000f7a00000,0x00000000fabfc368,0x00000000fac00000)
  to   space 72704K, 0% used [0x00000000fb900000,0x00000000fb900000,0x0000000100000000)
 ParOldGen       total 640000K, used 527302K [0x00000000a0000000, 0x00000000c7100000, 0x00000000e0000000)
  object space 640000K, 82% used [0x00000000a0000000,0x00000000c02f18e8,0x00000000c7100000)
 Metaspace       used 252299K, capacity 264913K, committed 265072K, reserved 1277952K
  class space    used 33515K, capacity 35748K, committed 35752K, reserved 1048576K
}

