# JRE version: OpenJDK Runtime Environment (8.0_242-b01) (build 1.8.0_242-release-1644-b01)
# Java VM: OpenJDK 64-Bit Server VM (25.242-b01 mixed mode windows-amd64 compressed oops)
Heap:
 PSYoungGen      total 462848K, used 195900K [0x00000000e0000000, 0x0000000100000000, 0x0000000100000000)
  eden space 409600K, 34% used [0x00000000e0000000,0x00000000e8b80058,0x00000000f9000000)
  from space 53248K, 99% used [0x00000000f9000000,0x00000000fc3cf2d8,0x00000000fc400000)
  to   space 61440K, 0% used [0x00000000fc400000,0x00000000fc400000,0x0000000100000000)
 ParOldGen       total 932352K, used 782352K [0x00000000a0000000, 0x00000000d8e80000, 0x00000000e0000000)
  object space 932352K, 83% used [0x00000000a0000000,0x00000000cfc04200,0x00000000d8e80000)
 Metaspace       used 225020K, capacity 239347K, committed 239576K, reserved 1259520K
  class space    used 27593K, capacity 30141K, committed 30208K, reserved 1048576K
GC Heap History (10 events):
Event: 1232.484 GC heap before
{Heap before GC invocations=335 (full 12):
 PSYoungGen      total 455680K, used 434651K [0x00000000e0000000, 0x0000000100000000, 0x0000000100000000)
  eden space 396800K, 100% used [0x00000000e0000000,0x00000000f8380000,0x00000000f8380000)
  from space 58880K, 64% used [0x00000000fbf80000,0x00000000fe476e98,0x00000000ff900000)
  to   space 61440K, 0% used [0x00000000f8380000,0x00000000f8380000,0x00000000fbf80000)
 ParOldGen       total 932352K, used 769268K [0x00000000a0000000, 0x00000000d8e80000, 0x00000000e0000000)
  object space 932352K, 82% used [0x00000000a0000000,0x00000000cef3d110,0x00000000d8e80000)
 Metaspace       used 217456K, capacity 231515K, committed 231768K, reserved 1251328K
  class space    used 26729K, capacity 29241K, committed 29312K, reserved 1048576K
Event: 1232.506 GC heap after
Heap after GC invocations=335 (full 12):
 PSYoungGen      total 458240K, used 8172K [0x00000000e0000000, 0x00000000fff80000, 0x0000000100000000)
  eden space 396800K, 0% used [0x00000000e0000000,0x00000000e0000000,0x00000000f8380000)
  from space 61440K, 13% used [0x00000000f8380000,0x00000000f8b7b310,0x00000000fbf80000)
  to   space 59904K, 0% used [0x00000000fc500000,0x00000000fc500000,0x00000000fff80000)
 ParOldGen       total 932352K, used 782328K [0x00000000a0000000, 0x00000000d8e80000, 0x00000000e0000000)
  object space 932352K, 83% used [0x00000000a0000000,0x00000000cfbfe200,0x00000000d8e80000)
 Metaspace       used 217456K, capacity 231515K, committed 231768K, reserved 1251328K
  class space    used 26729K, capacity 29241K, committed 29312K, reserved 1048576K
}
Event: 1237.237 GC heap before
{Heap before GC invocations=336 (full 12):
 PSYoungGen      total 458240K, used 404916K [0x00000000e0000000, 0x00000000fff80000, 0x0000000100000000)
  eden space 396800K, 99% used [0x00000000e0000000,0x00000000f8371e28,0x00000000f8380000)
  from space 61440K, 13% used [0x00000000f8380000,0x00000000f8b7b310,0x00000000fbf80000)
  to   space 59904K, 0% used [0x00000000fc500000,0x00000000fc500000,0x00000000fff80000)
 ParOldGen       total 932352K, used 782328K [0x00000000a0000000, 0x00000000d8e80000, 0x00000000e0000000)
  object space 932352K, 83% used [0x00000000a0000000,0x00000000cfbfe200,0x00000000d8e80000)
 Metaspace       used 219519K, capacity 233705K, committed 233816K, reserved 1253376K
  class space    used 26954K, capacity 29484K, committed 29568K, reserved 1048576K
Event: 1237.260 GC heap after
Heap after GC invocations=336 (full 12):
 PSYoungGen      total 454656K, used 20300K [0x00000000e0000000, 0x00000000ff780000, 0x0000000100000000)
  eden space 402944K, 0% used [0x00000000e0000000,0x00000000e0000000,0x00000000f8980000)
  from space 51712K, 39% used [0x00000000fc500000,0x00000000fd8d33b0,0x00000000ff780000)
  to   space 56320K, 0% used [0x00000000f8980000,0x00000000f8980000,0x00000000fc080000)
 ParOldGen       total 932352K, used 782336K [0x00000000a0000000, 0x00000000d8e80000, 0x00000000e0000000)
  object space 932352K, 83% used [0x00000000a0000000,0x00000000cfc00200,0x00000000d8e80000)
 Metaspace       used 219519K, capacity 233705K, committed 233816K, reserved 1253376K
  class space    used 26954K, capacity 29484K, committed 29568K, reserved 1048576K
}
Event: 1242.655 GC heap before
{Heap before GC invocations=337 (full 12):
 PSYoungGen      total 454656K, used 423200K [0x00000000e0000000, 0x00000000ff780000, 0x0000000100000000)
  eden space 402944K, 99% used [0x00000000e0000000,0x00000000f8974f10,0x00000000f8980000)
  from space 51712K, 39% used [0x00000000fc500000,0x00000000fd8d33b0,0x00000000ff780000)
  to   space 56320K, 0% used [0x00000000f8980000,0x00000000f8980000,0x00000000fc080000)
 ParOldGen       total 932352K, used 782336K [0x00000000a0000000, 0x00000000d8e80000, 0x00000000e0000000)
  object space 932352K, 83% used [0x00000000a0000000,0x00000000cfc00200,0x00000000d8e80000)
 Metaspace       used 221817K, capacity 236053K, committed 236376K, reserved 1255424K
  class space    used 27220K, capacity 29754K, committed 29824K, reserved 1048576K
Event: 1242.674 GC heap after
Heap after GC invocations=337 (full 12):
 PSYoungGen      total 459264K, used 34081K [0x00000000e0000000, 0x0000000100000000, 0x0000000100000000)
  eden space 402944K, 0% used [0x00000000e0000000,0x00000000e0000000,0x00000000f8980000)
  from space 56320K, 60% used [0x00000000f8980000,0x00000000faac8518,0x00000000fc080000)
  to   space 57856K, 0% used [0x00000000fc780000,0x00000000fc780000,0x0000000100000000)
 ParOldGen       total 932352K, used 782344K [0x00000000a0000000, 0x00000000d8e80000, 0x00000000e0000000)
  object space 932352K, 83% used [0x00000000a0000000,0x00000000cfc02200,0x00000000d8e80000)
 Metaspace       used 221817K, capacity 236053K, committed 236376K, reserved 1255424K
  class space    used 27220K, capacity 29754K, committed 29824K, reserved 1048576K
}
Event: 1253.301 GC heap before
{Heap before GC invocations=338 (full 12):
 PSYoungGen      total 459264K, used 437025K [0x00000000e0000000, 0x0000000100000000, 0x0000000100000000)
  eden space 402944K, 100% used [0x00000000e0000000,0x00000000f8980000,0x00000000f8980000)
  from space 56320K, 60% used [0x00000000f8980000,0x00000000faac8518,0x00000000fc080000)
  to   space 57856K, 0% used [0x00000000fc780000,0x00000000fc780000,0x0000000100000000)
 ParOldGen       total 932352K, used 782344K [0x00000000a0000000, 0x00000000d8e80000, 0x00000000e0000000)
  object space 932352K, 83% used [0x00000000a0000000,0x00000000cfc02200,0x00000000d8e80000)
 Metaspace       used 224895K, capacity 239193K, committed 239320K, reserved 1259520K
  class space    used 27590K, capacity 30138K, committed 30208K, reserved 1048576K
Event: 1253.322 GC heap after
Heap after GC invocations=338 (full 12):
 PSYoungGen      total 466944K, used 29601K [0x00000000e0000000, 0x00000000fff80000, 0x0000000100000000)
  eden space 409600K, 0% used [0x00000000e0000000,0x00000000e0000000,0x00000000f9000000)
  from space 57344K, 51% used [0x00000000fc780000,0x00000000fe468418,0x00000000fff80000)
  to   space 56832K, 0% used [0x00000000f9000000,0x00000000f9000000,0x00000000fc780000)
 ParOldGen       total 932352K, used 782352K [0x00000000a0000000, 0x00000000d8e80000, 0x00000000e0000000)
  object space 932352K, 83% used [0x00000000a0000000,0x00000000cfc04200,0x00000000d8e80000)
 Metaspace       used 224895K, capacity 239193K, committed 239320K, reserved 1259520K
  class space    used 27590K, capacity 30138K, committed 30208K, reserved 1048576K
}
Event: 1254.755 GC heap before
{Heap before GC invocations=339 (full 12):
 PSYoungGen      total 466944K, used 439201K [0x00000000e0000000, 0x00000000fff80000, 0x0000000100000000)
  eden space 409600K, 100% used [0x00000000e0000000,0x00000000f9000000,0x00000000f9000000)
  from space 57344K, 51% used [0x00000000fc780000,0x00000000fe468418,0x00000000fff80000)
  to   space 56832K, 0% used [0x00000000f9000000,0x00000000f9000000,0x00000000fc780000)
 ParOldGen       total 932352K, used 782352K [0x00000000a0000000, 0x00000000d8e80000, 0x00000000e0000000)
  object space 932352K, 83% used [0x00000000a0000000,0x00000000cfc04200,0x00000000d8e80000)
 Metaspace       used 224976K, capacity 239277K, committed 239576K, reserved 1259520K
  class space    used 27592K, capacity 30140K, committed 30208K, reserved 1048576K
Event: 1254.792 GC heap after
Heap after GC invocations=339 (full 12):
 PSYoungGen      total 462848K, used 53052K [0x00000000e0000000, 0x0000000100000000, 0x0000000100000000)
  eden space 409600K, 0% used [0x00000000e0000000,0x00000000e0000000,0x00000000f9000000)
  from space 53248K, 99% used [0x00000000f9000000,0x00000000fc3cf2d8,0x00000000fc400000)
  to   space 61440K, 0% used [0x00000000fc400000,0x00000000fc400000,0x0000000100000000)
 ParOldGen       total 932352K, used 782352K [0x00000000a0000000, 0x00000000d8e80000, 0x00000000e0000000)
  object space 932352K, 83% used [0x00000000a0000000,0x00000000cfc04200,0x00000000d8e80000)
 Metaspace       used 224976K, capacity 239277K, committed 239576K, reserved 1259520K
  class space    used 27592K, capacity 30140K, committed 30208K, reserved 1048576K
}

