# JRE version: OpenJDK Runtime Environment (8.0_242-b01) (build 1.8.0_242-release-1644-b01)
# Java VM: OpenJDK 64-Bit Server VM (25.242-b01 mixed mode windows-amd64 compressed oops)
Heap:
 PSYoungGen      total 472064K, used 208787K [0x00000000e0000000, 0x0000000100000000, 0x0000000100000000)
  eden space 421376K, 37% used [0x00000000e0000000,0x00000000e9abaca8,0x00000000f9b80000)
  from space 50688K, 99% used [0x00000000f9b80000,0x00000000fccaa0f0,0x00000000fcd00000)
  to   space 52224K, 0% used [0x00000000fcd00000,0x00000000fcd00000,0x0000000100000000)
 ParOldGen       total 258560K, used 89170K [0x00000000a0000000, 0x00000000afc80000, 0x00000000e0000000)
  object space 258560K, 34% used [0x00000000a0000000,0x00000000a57149f0,0x00000000afc80000)
 Metaspace       used 119482K, capacity 124197K, committed 124568K, reserved 1157120K
  class space    used 15750K, capacity 16690K, committed 16792K, reserved 1048576K
GC Heap History (10 events):
Event: 9.060 GC heap before
{Heap before GC invocations=13 (full 3):
 PSYoungGen      total 363008K, used 344064K [0x00000000e0000000, 0x00000000fd000000, 0x0000000100000000)
  eden space 344064K, 100% used [0x00000000e0000000,0x00000000f5000000,0x00000000f5000000)
  from space 18944K, 0% used [0x00000000f5000000,0x00000000f5000000,0x00000000f6280000)
  to   space 24064K, 0% used [0x00000000fb880000,0x00000000fb880000,0x00000000fd000000)
 ParOldGen       total 145408K, used 35944K [0x00000000a0000000, 0x00000000a8e00000, 0x00000000e0000000)
  object space 145408K, 24% used [0x00000000a0000000,0x00000000a231a338,0x00000000a8e00000)
 Metaspace       used 72260K, capacity 76076K, committed 76184K, reserved 1114112K
  class space    used 10152K, capacity 10901K, committed 10904K, reserved 1048576K
Event: 9.090 GC heap after
Heap after GC invocations=13 (full 3):
 PSYoungGen      total 435200K, used 24049K [0x00000000e0000000, 0x00000000fd080000, 0x0000000100000000)
  eden space 411136K, 0% used [0x00000000e0000000,0x00000000e0000000,0x00000000f9180000)
  from space 24064K, 99% used [0x00000000fb880000,0x00000000fcffc7b0,0x00000000fd000000)
  to   space 32256K, 0% used [0x00000000f9180000,0x00000000f9180000,0x00000000fb100000)
 ParOldGen       total 145408K, used 48501K [0x00000000a0000000, 0x00000000a8e00000, 0x00000000e0000000)
  object space 145408K, 33% used [0x00000000a0000000,0x00000000a2f5d620,0x00000000a8e00000)
 Metaspace       used 72260K, capacity 76076K, committed 76184K, reserved 1114112K
  class space    used 10152K, capacity 10901K, committed 10904K, reserved 1048576K
}
Event: 11.356 GC heap before
{Heap before GC invocations=14 (full 3):
 PSYoungGen      total 435200K, used 435185K [0x00000000e0000000, 0x00000000fd080000, 0x0000000100000000)
  eden space 411136K, 100% used [0x00000000e0000000,0x00000000f9180000,0x00000000f9180000)
  from space 24064K, 99% used [0x00000000fb880000,0x00000000fcffc7b0,0x00000000fd000000)
  to   space 32256K, 0% used [0x00000000f9180000,0x00000000f9180000,0x00000000fb100000)
 ParOldGen       total 145408K, used 48501K [0x00000000a0000000, 0x00000000a8e00000, 0x00000000e0000000)
  object space 145408K, 33% used [0x00000000a0000000,0x00000000a2f5d620,0x00000000a8e00000)
 Metaspace       used 90068K, capacity 94071K, committed 94488K, reserved 1130496K
  class space    used 12230K, capacity 13052K, committed 13080K, reserved 1048576K
Event: 11.402 GC heap after
Heap after GC invocations=14 (full 3):
 PSYoungGen      total 443392K, used 32253K [0x00000000e0000000, 0x0000000100000000, 0x0000000100000000)
  eden space 411136K, 0% used [0x00000000e0000000,0x00000000e0000000,0x00000000f9180000)
  from space 32256K, 99% used [0x00000000f9180000,0x00000000fb0ff458,0x00000000fb100000)
  to   space 52224K, 0% used [0x00000000fcd00000,0x00000000fcd00000,0x0000000100000000)
 ParOldGen       total 145408K, used 89132K [0x00000000a0000000, 0x00000000a8e00000, 0x00000000e0000000)
  object space 145408K, 61% used [0x00000000a0000000,0x00000000a570b380,0x00000000a8e00000)
 Metaspace       used 90068K, capacity 94071K, committed 94488K, reserved 1130496K
  class space    used 12230K, capacity 13052K, committed 13080K, reserved 1048576K
}
Event: 12.149 GC heap before
{Heap before GC invocations=15 (full 3):
 PSYoungGen      total 443392K, used 138008K [0x00000000e0000000, 0x0000000100000000, 0x0000000100000000)
  eden space 411136K, 25% used [0x00000000e0000000,0x00000000e6746c28,0x00000000f9180000)
  from space 32256K, 99% used [0x00000000f9180000,0x00000000fb0ff458,0x00000000fb100000)
  to   space 52224K, 0% used [0x00000000fcd00000,0x00000000fcd00000,0x0000000100000000)
 ParOldGen       total 145408K, used 89132K [0x00000000a0000000, 0x00000000a8e00000, 0x00000000e0000000)
  object space 145408K, 61% used [0x00000000a0000000,0x00000000a570b380,0x00000000a8e00000)
 Metaspace       used 94115K, capacity 98147K, committed 98584K, reserved 1134592K
  class space    used 12732K, capacity 13552K, committed 13592K, reserved 1048576K
Event: 12.176 GC heap after
Heap after GC invocations=15 (full 3):
 PSYoungGen      total 473600K, used 10729K [0x00000000e0000000, 0x0000000100000000, 0x0000000100000000)
  eden space 421376K, 0% used [0x00000000e0000000,0x00000000e0000000,0x00000000f9b80000)
  from space 52224K, 20% used [0x00000000fcd00000,0x00000000fd77a5c8,0x0000000100000000)
  to   space 50688K, 0% used [0x00000000f9b80000,0x00000000f9b80000,0x00000000fcd00000)
 ParOldGen       total 145408K, used 119035K [0x00000000a0000000, 0x00000000a8e00000, 0x00000000e0000000)
  object space 145408K, 81% used [0x00000000a0000000,0x00000000a743ece8,0x00000000a8e00000)
 Metaspace       used 94115K, capacity 98147K, committed 98584K, reserved 1134592K
  class space    used 12732K, capacity 13552K, committed 13592K, reserved 1048576K
}
Event: 12.176 GC heap before
{Heap before GC invocations=16 (full 4):
 PSYoungGen      total 473600K, used 10729K [0x00000000e0000000, 0x0000000100000000, 0x0000000100000000)
  eden space 421376K, 0% used [0x00000000e0000000,0x00000000e0000000,0x00000000f9b80000)
  from space 52224K, 20% used [0x00000000fcd00000,0x00000000fd77a5c8,0x0000000100000000)
  to   space 50688K, 0% used [0x00000000f9b80000,0x00000000f9b80000,0x00000000fcd00000)
 ParOldGen       total 145408K, used 119035K [0x00000000a0000000, 0x00000000a8e00000, 0x00000000e0000000)
  object space 145408K, 81% used [0x00000000a0000000,0x00000000a743ece8,0x00000000a8e00000)
 Metaspace       used 94115K, capacity 98147K, committed 98584K, reserved 1134592K
  class space    used 12732K, capacity 13552K, committed 13592K, reserved 1048576K
Event: 12.354 GC heap after
Heap after GC invocations=16 (full 4):
 PSYoungGen      total 473600K, used 0K [0x00000000e0000000, 0x0000000100000000, 0x0000000100000000)
  eden space 421376K, 0% used [0x00000000e0000000,0x00000000e0000000,0x00000000f9b80000)
  from space 52224K, 0% used [0x00000000fcd00000,0x00000000fcd00000,0x0000000100000000)
  to   space 50688K, 0% used [0x00000000f9b80000,0x00000000f9b80000,0x00000000fcd00000)
 ParOldGen       total 258560K, used 89162K [0x00000000a0000000, 0x00000000afc80000, 0x00000000e0000000)
  object space 258560K, 34% used [0x00000000a0000000,0x00000000a57129f0,0x00000000afc80000)
 Metaspace       used 94094K, capacity 98081K, committed 98584K, reserved 1134592K
  class space    used 12726K, capacity 13541K, committed 13592K, reserved 1048576K
}
Event: 16.098 GC heap before
{Heap before GC invocations=17 (full 4):
 PSYoungGen      total 473600K, used 421376K [0x00000000e0000000, 0x0000000100000000, 0x0000000100000000)
  eden space 421376K, 100% used [0x00000000e0000000,0x00000000f9b80000,0x00000000f9b80000)
  from space 52224K, 0% used [0x00000000fcd00000,0x00000000fcd00000,0x0000000100000000)
  to   space 50688K, 0% used [0x00000000f9b80000,0x00000000f9b80000,0x00000000fcd00000)
 ParOldGen       total 258560K, used 89162K [0x00000000a0000000, 0x00000000afc80000, 0x00000000e0000000)
  object space 258560K, 34% used [0x00000000a0000000,0x00000000a57129f0,0x00000000afc80000)
 Metaspace       used 111820K, capacity 116163K, committed 116760K, reserved 1150976K
  class space    used 14705K, capacity 15577K, committed 15640K, reserved 1048576K
Event: 16.129 GC heap after
Heap after GC invocations=17 (full 4):
 PSYoungGen      total 472064K, used 50344K [0x00000000e0000000, 0x0000000100000000, 0x0000000100000000)
  eden space 421376K, 0% used [0x00000000e0000000,0x00000000e0000000,0x00000000f9b80000)
  from space 50688K, 99% used [0x00000000f9b80000,0x00000000fccaa0f0,0x00000000fcd00000)
  to   space 52224K, 0% used [0x00000000fcd00000,0x00000000fcd00000,0x0000000100000000)
 ParOldGen       total 258560K, used 89170K [0x00000000a0000000, 0x00000000afc80000, 0x00000000e0000000)
  object space 258560K, 34% used [0x00000000a0000000,0x00000000a57149f0,0x00000000afc80000)
 Metaspace       used 111820K, capacity 116163K, committed 116760K, reserved 1150976K
  class space    used 14705K, capacity 15577K, committed 15640K, reserved 1048576K
}

