# JRE version: OpenJDK Runtime Environment (8.0_242-b01) (build 1.8.0_242-release-1644-b01)
# Java VM: OpenJDK 64-Bit Server VM (25.242-b01 mixed mode windows-amd64 compressed oops)
Heap:
 PSYoungGen      total 403456K, used 169507K [0x00000000e0000000, 0x0000000100000000, 0x0000000100000000)
  eden space 338944K, 50% used [0x00000000e0000000,0x00000000ea588e98,0x00000000f4b00000)
  from space 64512K, 0% used [0x00000000fc100000,0x00000000fc100000,0x0000000100000000)
  to   space 92672K, 0% used [0x00000000f4b00000,0x00000000f4b00000,0x00000000fa580000)
 ParOldGen       total 260096K, used 259894K [0x00000000a0000000, 0x00000000afe00000, 0x00000000e0000000)
  object space 260096K, 99% used [0x00000000a0000000,0x00000000afdcd908,0x00000000afe00000)
 Metaspace       used 166297K, capacity 173067K, committed 173376K, reserved 1200128K
  class space    used 20918K, capacity 22328K, committed 22400K, reserved 1048576K
GC Heap History (10 events):
Event: 78.998 GC heap before
{Heap before GC invocations=22 (full 4):
 PSYoungGen      total 486400K, used 486354K [0x00000000e0000000, 0x0000000100000000, 0x0000000100000000)
  eden space 450048K, 100% used [0x00000000e0000000,0x00000000fb780000,0x00000000fb780000)
  from space 36352K, 99% used [0x00000000fb780000,0x00000000fdaf4b98,0x00000000fdb00000)
  to   space 37888K, 0% used [0x00000000fdb00000,0x00000000fdb00000,0x0000000100000000)
 ParOldGen       total 260096K, used 102147K [0x00000000a0000000, 0x00000000afe00000, 0x00000000e0000000)
  object space 260096K, 39% used [0x00000000a0000000,0x00000000a63c0e58,0x00000000afe00000)
 Metaspace       used 136434K, capacity 142739K, committed 143040K, reserved 1173504K
  class space    used 17820K, capacity 19154K, committed 19200K, reserved 1048576K
Event: 79.132 GC heap after
Heap after GC invocations=22 (full 4):
 PSYoungGen      total 433152K, used 37861K [0x00000000e0000000, 0x0000000100000000, 0x0000000100000000)
  eden space 395264K, 0% used [0x00000000e0000000,0x00000000e0000000,0x00000000f8200000)
  from space 37888K, 99% used [0x00000000fdb00000,0x00000000ffff9650,0x0000000100000000)
  to   space 64512K, 0% used [0x00000000f8200000,0x00000000f8200000,0x00000000fc100000)
 ParOldGen       total 260096K, used 149080K [0x00000000a0000000, 0x00000000afe00000, 0x00000000e0000000)
  object space 260096K, 57% used [0x00000000a0000000,0x00000000a9196390,0x00000000afe00000)
 Metaspace       used 136434K, capacity 142739K, committed 143040K, reserved 1173504K
  class space    used 17820K, capacity 19154K, committed 19200K, reserved 1048576K
}
Event: 85.118 GC heap before
{Heap before GC invocations=23 (full 4):
 PSYoungGen      total 433152K, used 433125K [0x00000000e0000000, 0x0000000100000000, 0x0000000100000000)
  eden space 395264K, 100% used [0x00000000e0000000,0x00000000f8200000,0x00000000f8200000)
  from space 37888K, 99% used [0x00000000fdb00000,0x00000000ffff9650,0x0000000100000000)
  to   space 64512K, 0% used [0x00000000f8200000,0x00000000f8200000,0x00000000fc100000)
 ParOldGen       total 260096K, used 149080K [0x00000000a0000000, 0x00000000afe00000, 0x00000000e0000000)
  object space 260096K, 57% used [0x00000000a0000000,0x00000000a9196390,0x00000000afe00000)
 Metaspace       used 149740K, capacity 156327K, committed 156608K, reserved 1185792K
  class space    used 19100K, capacity 20472K, committed 20480K, reserved 1048576K
Event: 85.183 GC heap after
Heap after GC invocations=23 (full 4):
 PSYoungGen      total 459776K, used 64489K [0x00000000e0000000, 0x0000000100000000, 0x0000000100000000)
  eden space 395264K, 0% used [0x00000000e0000000,0x00000000e0000000,0x00000000f8200000)
  from space 64512K, 99% used [0x00000000f8200000,0x00000000fc0fa560,0x00000000fc100000)
  to   space 64512K, 0% used [0x00000000fc100000,0x00000000fc100000,0x0000000100000000)
 ParOldGen       total 260096K, used 182407K [0x00000000a0000000, 0x00000000afe00000, 0x00000000e0000000)
  object space 260096K, 70% used [0x00000000a0000000,0x00000000ab221cb8,0x00000000afe00000)
 Metaspace       used 149740K, capacity 156327K, committed 156608K, reserved 1185792K
  class space    used 19100K, capacity 20472K, committed 20480K, reserved 1048576K
}
Event: 90.912 GC heap before
{Heap before GC invocations=24 (full 4):
 PSYoungGen      total 459776K, used 459753K [0x00000000e0000000, 0x0000000100000000, 0x0000000100000000)
  eden space 395264K, 100% used [0x00000000e0000000,0x00000000f8200000,0x00000000f8200000)
  from space 64512K, 99% used [0x00000000f8200000,0x00000000fc0fa560,0x00000000fc100000)
  to   space 64512K, 0% used [0x00000000fc100000,0x00000000fc100000,0x0000000100000000)
 ParOldGen       total 260096K, used 182407K [0x00000000a0000000, 0x00000000afe00000, 0x00000000e0000000)
  object space 260096K, 70% used [0x00000000a0000000,0x00000000ab221cb8,0x00000000afe00000)
 Metaspace       used 155257K, capacity 162009K, committed 162240K, reserved 1189888K
  class space    used 19603K, capacity 20985K, committed 20992K, reserved 1048576K
Event: 91.002 GC heap after
Heap after GC invocations=24 (full 4):
 PSYoungGen      total 403456K, used 62790K [0x00000000e0000000, 0x0000000100000000, 0x0000000100000000)
  eden space 338944K, 0% used [0x00000000e0000000,0x00000000e0000000,0x00000000f4b00000)
  from space 64512K, 97% used [0x00000000fc100000,0x00000000ffe51ab8,0x0000000100000000)
  to   space 92672K, 0% used [0x00000000f4b00000,0x00000000f4b00000,0x00000000fa580000)
 ParOldGen       total 260096K, used 218653K [0x00000000a0000000, 0x00000000afe00000, 0x00000000e0000000)
  object space 260096K, 84% used [0x00000000a0000000,0x00000000ad587598,0x00000000afe00000)
 Metaspace       used 155257K, capacity 162009K, committed 162240K, reserved 1189888K
  class space    used 19603K, capacity 20985K, committed 20992K, reserved 1048576K
}
Event: 91.003 GC heap before
{Heap before GC invocations=25 (full 5):
 PSYoungGen      total 403456K, used 62790K [0x00000000e0000000, 0x0000000100000000, 0x0000000100000000)
  eden space 338944K, 0% used [0x00000000e0000000,0x00000000e0000000,0x00000000f4b00000)
  from space 64512K, 97% used [0x00000000fc100000,0x00000000ffe51ab8,0x0000000100000000)
  to   space 92672K, 0% used [0x00000000f4b00000,0x00000000f4b00000,0x00000000fa580000)
 ParOldGen       total 260096K, used 218653K [0x00000000a0000000, 0x00000000afe00000, 0x00000000e0000000)
  object space 260096K, 84% used [0x00000000a0000000,0x00000000ad587598,0x00000000afe00000)
 Metaspace       used 155257K, capacity 162009K, committed 162240K, reserved 1189888K
  class space    used 19603K, capacity 20985K, committed 20992K, reserved 1048576K
Event: 92.078 GC heap after
Heap after GC invocations=25 (full 5):
 PSYoungGen      total 403456K, used 0K [0x00000000e0000000, 0x0000000100000000, 0x0000000100000000)
  eden space 338944K, 0% used [0x00000000e0000000,0x00000000e0000000,0x00000000f4b00000)
  from space 64512K, 0% used [0x00000000fc100000,0x00000000fc100000,0x0000000100000000)
  to   space 92672K, 0% used [0x00000000f4b00000,0x00000000f4b00000,0x00000000fa580000)
 ParOldGen       total 260096K, used 245466K [0x00000000a0000000, 0x00000000afe00000, 0x00000000e0000000)
  object space 260096K, 94% used [0x00000000a0000000,0x00000000aefb6b88,0x00000000afe00000)
 Metaspace       used 154733K, capacity 161385K, committed 162240K, reserved 1189888K
  class space    used 19552K, capacity 20919K, committed 20992K, reserved 1048576K
}
Event: 94.255 GC heap before
{Heap before GC invocations=26 (full 6):
 PSYoungGen      total 403456K, used 338944K [0x00000000e0000000, 0x0000000100000000, 0x0000000100000000)
  eden space 338944K, 100% used [0x00000000e0000000,0x00000000f4b00000,0x00000000f4b00000)
  from space 64512K, 0% used [0x00000000fc100000,0x00000000fc100000,0x0000000100000000)
  to   space 92672K, 0% used [0x00000000f4b00000,0x00000000f4b00000,0x00000000fa580000)
 ParOldGen       total 260096K, used 245466K [0x00000000a0000000, 0x00000000afe00000, 0x00000000e0000000)
  object space 260096K, 94% used [0x00000000a0000000,0x00000000aefb6b88,0x00000000afe00000)
 Metaspace       used 159773K, capacity 166515K, committed 166848K, reserved 1193984K
  class space    used 20341K, capacity 21728K, committed 21760K, reserved 1048576K
Event: 94.970 GC heap after
Heap after GC invocations=26 (full 6):
 PSYoungGen      total 403456K, used 39922K [0x00000000e0000000, 0x0000000100000000, 0x0000000100000000)
  eden space 338944K, 11% used [0x00000000e0000000,0x00000000e26fca50,0x00000000f4b00000)
  from space 64512K, 0% used [0x00000000fc100000,0x00000000fc100000,0x0000000100000000)
  to   space 92672K, 0% used [0x00000000f4b00000,0x00000000f4b00000,0x00000000fa580000)
 ParOldGen       total 260096K, used 259894K [0x00000000a0000000, 0x00000000afe00000, 0x00000000e0000000)
  object space 260096K, 99% used [0x00000000a0000000,0x00000000afdcd908,0x00000000afe00000)
 Metaspace       used 159773K, capacity 166515K, committed 166848K, reserved 1193984K
  class space    used 20341K, capacity 21728K, committed 21760K, reserved 1048576K
}

