# JRE version: OpenJDK Runtime Environment (8.0_242-b01) (build 1.8.0_242-release-1644-b01)
# Java VM: OpenJDK 64-Bit Server VM (25.242-b01 mixed mode windows-amd64 compressed oops)
Heap:
 PSYoungGen      total 372224K, used 207017K [0x00000000e0000000, 0x00000000f9500000, 0x0000000100000000)
  eden space 332800K, 50% used [0x00000000e0000000,0x00000000ea3b05c8,0x00000000f4500000)
  from space 39424K, 99% used [0x00000000f6d00000,0x00000000f9379ff0,0x00000000f9380000)
  to   space 40960K, 0% used [0x00000000f4500000,0x00000000f4500000,0x00000000f6d00000)
 ParOldGen       total 221696K, used 141011K [0x00000000a0000000, 0x00000000ad880000, 0x00000000e0000000)
  object space 221696K, 63% used [0x00000000a0000000,0x00000000a89b4e70,0x00000000ad880000)
 Metaspace       used 136214K, capacity 142501K, committed 143040K, reserved 1173504K
  class space    used 17939K, capacity 19190K, committed 19200K, reserved 1048576K
GC Heap History (10 events):
Event: 49.981 GC heap before
{Heap before GC invocations=20 (full 3):
 PSYoungGen      total 330752K, used 187974K [0x00000000e0000000, 0x00000000f6880000, 0x0000000100000000)
  eden space 297984K, 54% used [0x00000000e0000000,0x00000000e9f5cc80,0x00000000f2300000)
  from space 32768K, 75% used [0x00000000f4580000,0x00000000f5db4c40,0x00000000f6580000)
  to   space 35328K, 0% used [0x00000000f2300000,0x00000000f2300000,0x00000000f4580000)
 ParOldGen       total 128512K, used 65421K [0x00000000a0000000, 0x00000000a7d80000, 0x00000000e0000000)
  object space 128512K, 50% used [0x00000000a0000000,0x00000000a3fe3558,0x00000000a7d80000)
 Metaspace       used 93157K, capacity 98390K, committed 98496K, reserved 1134592K
  class space    used 12490K, capacity 13511K, committed 13568K, reserved 1048576K
Event: 50.007 GC heap after
Heap after GC invocations=20 (full 3):
 PSYoungGen      total 333312K, used 30815K [0x00000000e0000000, 0x00000000f9380000, 0x0000000100000000)
  eden space 297984K, 0% used [0x00000000e0000000,0x00000000e0000000,0x00000000f2300000)
  from space 35328K, 87% used [0x00000000f2300000,0x00000000f4117dc8,0x00000000f4580000)
  to   space 39424K, 0% used [0x00000000f6d00000,0x00000000f6d00000,0x00000000f9380000)
 ParOldGen       total 128512K, used 65429K [0x00000000a0000000, 0x00000000a7d80000, 0x00000000e0000000)
  object space 128512K, 50% used [0x00000000a0000000,0x00000000a3fe5558,0x00000000a7d80000)
 Metaspace       used 93157K, capacity 98390K, committed 98496K, reserved 1134592K
  class space    used 12490K, capacity 13511K, committed 13568K, reserved 1048576K
}
Event: 50.007 GC heap before
{Heap before GC invocations=21 (full 4):
 PSYoungGen      total 333312K, used 30815K [0x00000000e0000000, 0x00000000f9380000, 0x0000000100000000)
  eden space 297984K, 0% used [0x00000000e0000000,0x00000000e0000000,0x00000000f2300000)
  from space 35328K, 87% used [0x00000000f2300000,0x00000000f4117dc8,0x00000000f4580000)
  to   space 39424K, 0% used [0x00000000f6d00000,0x00000000f6d00000,0x00000000f9380000)
 ParOldGen       total 128512K, used 65429K [0x00000000a0000000, 0x00000000a7d80000, 0x00000000e0000000)
  object space 128512K, 50% used [0x00000000a0000000,0x00000000a3fe5558,0x00000000a7d80000)
 Metaspace       used 93157K, capacity 98390K, committed 98496K, reserved 1134592K
  class space    used 12490K, capacity 13511K, committed 13568K, reserved 1048576K
Event: 50.284 GC heap after
Heap after GC invocations=21 (full 4):
 PSYoungGen      total 333312K, used 0K [0x00000000e0000000, 0x00000000f9380000, 0x0000000100000000)
  eden space 297984K, 0% used [0x00000000e0000000,0x00000000e0000000,0x00000000f2300000)
  from space 35328K, 0% used [0x00000000f2300000,0x00000000f2300000,0x00000000f4580000)
  to   space 39424K, 0% used [0x00000000f6d00000,0x00000000f6d00000,0x00000000f9380000)
 ParOldGen       total 221696K, used 83257K [0x00000000a0000000, 0x00000000ad880000, 0x00000000e0000000)
  object space 221696K, 37% used [0x00000000a0000000,0x00000000a514e5b8,0x00000000ad880000)
 Metaspace       used 93130K, capacity 98300K, committed 98496K, reserved 1134592K
  class space    used 12482K, capacity 13496K, committed 13568K, reserved 1048576K
}
Event: 815.052 GC heap before
{Heap before GC invocations=22 (full 4):
 PSYoungGen      total 333312K, used 297984K [0x00000000e0000000, 0x00000000f9380000, 0x0000000100000000)
  eden space 297984K, 100% used [0x00000000e0000000,0x00000000f2300000,0x00000000f2300000)
  from space 35328K, 0% used [0x00000000f2300000,0x00000000f2300000,0x00000000f4580000)
  to   space 39424K, 0% used [0x00000000f6d00000,0x00000000f6d00000,0x00000000f9380000)
 ParOldGen       total 221696K, used 83257K [0x00000000a0000000, 0x00000000ad880000, 0x00000000e0000000)
  object space 221696K, 37% used [0x00000000a0000000,0x00000000a514e5b8,0x00000000ad880000)
 Metaspace       used 105054K, capacity 110958K, committed 111296K, reserved 1144832K
  class space    used 14348K, capacity 15490K, committed 15616K, reserved 1048576K
Event: 815.074 GC heap after
Heap after GC invocations=22 (full 4):
 PSYoungGen      total 372224K, used 26076K [0x00000000e0000000, 0x00000000f9500000, 0x0000000100000000)
  eden space 332800K, 0% used [0x00000000e0000000,0x00000000e0000000,0x00000000f4500000)
  from space 39424K, 66% used [0x00000000f6d00000,0x00000000f8677378,0x00000000f9380000)
  to   space 40960K, 0% used [0x00000000f4500000,0x00000000f4500000,0x00000000f6d00000)
 ParOldGen       total 221696K, used 83318K [0x00000000a0000000, 0x00000000ad880000, 0x00000000e0000000)
  object space 221696K, 37% used [0x00000000a0000000,0x00000000a515da18,0x00000000ad880000)
 Metaspace       used 105054K, capacity 110958K, committed 111296K, reserved 1144832K
  class space    used 14348K, capacity 15490K, committed 15616K, reserved 1048576K
}
Event: 817.249 GC heap before
{Heap before GC invocations=23 (full 4):
 PSYoungGen      total 372224K, used 358876K [0x00000000e0000000, 0x00000000f9500000, 0x0000000100000000)
  eden space 332800K, 100% used [0x00000000e0000000,0x00000000f4500000,0x00000000f4500000)
  from space 39424K, 66% used [0x00000000f6d00000,0x00000000f8677378,0x00000000f9380000)
  to   space 40960K, 0% used [0x00000000f4500000,0x00000000f4500000,0x00000000f6d00000)
 ParOldGen       total 221696K, used 83318K [0x00000000a0000000, 0x00000000ad880000, 0x00000000e0000000)
  object space 221696K, 37% used [0x00000000a0000000,0x00000000a515da18,0x00000000ad880000)
 Metaspace       used 115693K, capacity 121677K, committed 122176K, reserved 1155072K
  class space    used 15514K, capacity 16671K, committed 16768K, reserved 1048576K
Event: 817.318 GC heap after
Heap after GC invocations=23 (full 4):
 PSYoungGen      total 373760K, used 40944K [0x00000000e0000000, 0x00000000f9500000, 0x0000000100000000)
  eden space 332800K, 0% used [0x00000000e0000000,0x00000000e0000000,0x00000000f4500000)
  from space 40960K, 99% used [0x00000000f4500000,0x00000000f6cfc340,0x00000000f6d00000)
  to   space 39424K, 0% used [0x00000000f6d00000,0x00000000f6d00000,0x00000000f9380000)
 ParOldGen       total 221696K, used 104415K [0x00000000a0000000, 0x00000000ad880000, 0x00000000e0000000)
  object space 221696K, 47% used [0x00000000a0000000,0x00000000a65f7e48,0x00000000ad880000)
 Metaspace       used 115693K, capacity 121677K, committed 122176K, reserved 1155072K
  class space    used 15514K, capacity 16671K, committed 16768K, reserved 1048576K
}
Event: 819.925 GC heap before
{Heap before GC invocations=24 (full 4):
 PSYoungGen      total 373760K, used 373744K [0x00000000e0000000, 0x00000000f9500000, 0x0000000100000000)
  eden space 332800K, 100% used [0x00000000e0000000,0x00000000f4500000,0x00000000f4500000)
  from space 40960K, 99% used [0x00000000f4500000,0x00000000f6cfc340,0x00000000f6d00000)
  to   space 39424K, 0% used [0x00000000f6d00000,0x00000000f6d00000,0x00000000f9380000)
 ParOldGen       total 221696K, used 104415K [0x00000000a0000000, 0x00000000ad880000, 0x00000000e0000000)
  object space 221696K, 47% used [0x00000000a0000000,0x00000000a65f7e48,0x00000000ad880000)
 Metaspace       used 132346K, capacity 138573K, committed 139072K, reserved 1169408K
  class space    used 17533K, capacity 18790K, committed 18816K, reserved 1048576K
Event: 819.988 GC heap after
Heap after GC invocations=24 (full 4):
 PSYoungGen      total 372224K, used 39399K [0x00000000e0000000, 0x00000000f9500000, 0x0000000100000000)
  eden space 332800K, 0% used [0x00000000e0000000,0x00000000e0000000,0x00000000f4500000)
  from space 39424K, 99% used [0x00000000f6d00000,0x00000000f9379ff0,0x00000000f9380000)
  to   space 40960K, 0% used [0x00000000f4500000,0x00000000f4500000,0x00000000f6d00000)
 ParOldGen       total 221696K, used 141011K [0x00000000a0000000, 0x00000000ad880000, 0x00000000e0000000)
  object space 221696K, 63% used [0x00000000a0000000,0x00000000a89b4e70,0x00000000ad880000)
 Metaspace       used 132346K, capacity 138573K, committed 139072K, reserved 1169408K
  class space    used 17533K, capacity 18790K, committed 18816K, reserved 1048576K
}

