# JRE version: OpenJDK Runtime Environment (8.0_242-b01) (build 1.8.0_242-release-1644-b01)
# Java VM: OpenJDK 64-Bit Server VM (25.242-b01 mixed mode windows-amd64 compressed oops)
Heap:
 PSYoungGen      total 296448K, used 106219K [0x00000000e0000000, 0x00000000f4a80000, 0x0000000100000000)
  eden space 259072K, 26% used [0x00000000e0000000,0x00000000e4342b98,0x00000000efd00000)
  from space 37376K, 99% used [0x00000000f2380000,0x00000000f47f8090,0x00000000f4800000)
  to   space 39424K, 0% used [0x00000000efd00000,0x00000000efd00000,0x00000000f2380000)
 ParOldGen       total 259584K, used 123857K [0x00000000a0000000, 0x00000000afd80000, 0x00000000e0000000)
  object space 259584K, 47% used [0x00000000a0000000,0x00000000a78f47d0,0x00000000afd80000)
 Metaspace       used 126948K, capacity 132145K, committed 132288K, reserved 1163264K
  class space    used 16772K, capacity 17833K, committed 17920K, reserved 1048576K
GC Heap History (10 events):
Event: 10.005 GC heap before
{Heap before GC invocations=20 (full 3):
 PSYoungGen      total 263168K, used 240358K [0x00000000e0000000, 0x00000000f2380000, 0x0000000100000000)
  eden space 229376K, 95% used [0x00000000e0000000,0x00000000ed69ffe8,0x00000000ee000000)
  from space 33792K, 60% used [0x00000000f0180000,0x00000000f1599900,0x00000000f2280000)
  to   space 34304K, 0% used [0x00000000ee000000,0x00000000ee000000,0x00000000f0180000)
 ParOldGen       total 151552K, used 75658K [0x00000000a0000000, 0x00000000a9400000, 0x00000000e0000000)
  object space 151552K, 49% used [0x00000000a0000000,0x00000000a49e2820,0x00000000a9400000)
 Metaspace       used 94204K, capacity 97875K, committed 98496K, reserved 1134592K
  class space    used 12801K, capacity 13526K, committed 13568K, reserved 1048576K
Event: 10.021 GC heap after
Heap after GC invocations=20 (full 3):
 PSYoungGen      total 263680K, used 27732K [0x00000000e0000000, 0x00000000f4800000, 0x0000000100000000)
  eden space 229376K, 0% used [0x00000000e0000000,0x00000000e0000000,0x00000000ee000000)
  from space 34304K, 80% used [0x00000000ee000000,0x00000000efb15340,0x00000000f0180000)
  to   space 37376K, 0% used [0x00000000f2380000,0x00000000f2380000,0x00000000f4800000)
 ParOldGen       total 151552K, used 75666K [0x00000000a0000000, 0x00000000a9400000, 0x00000000e0000000)
  object space 151552K, 49% used [0x00000000a0000000,0x00000000a49e4820,0x00000000a9400000)
 Metaspace       used 94204K, capacity 97875K, committed 98496K, reserved 1134592K
  class space    used 12801K, capacity 13526K, committed 13568K, reserved 1048576K
}
Event: 10.021 GC heap before
{Heap before GC invocations=21 (full 4):
 PSYoungGen      total 263680K, used 27732K [0x00000000e0000000, 0x00000000f4800000, 0x0000000100000000)
  eden space 229376K, 0% used [0x00000000e0000000,0x00000000e0000000,0x00000000ee000000)
  from space 34304K, 80% used [0x00000000ee000000,0x00000000efb15340,0x00000000f0180000)
  to   space 37376K, 0% used [0x00000000f2380000,0x00000000f2380000,0x00000000f4800000)
 ParOldGen       total 151552K, used 75666K [0x00000000a0000000, 0x00000000a9400000, 0x00000000e0000000)
  object space 151552K, 49% used [0x00000000a0000000,0x00000000a49e4820,0x00000000a9400000)
 Metaspace       used 94204K, capacity 97875K, committed 98496K, reserved 1134592K
  class space    used 12801K, capacity 13526K, committed 13568K, reserved 1048576K
Event: 10.147 GC heap after
Heap after GC invocations=21 (full 4):
 PSYoungGen      total 263680K, used 0K [0x00000000e0000000, 0x00000000f4800000, 0x0000000100000000)
  eden space 229376K, 0% used [0x00000000e0000000,0x00000000e0000000,0x00000000ee000000)
  from space 34304K, 0% used [0x00000000ee000000,0x00000000ee000000,0x00000000f0180000)
  to   space 37376K, 0% used [0x00000000f2380000,0x00000000f2380000,0x00000000f4800000)
 ParOldGen       total 259584K, used 86205K [0x00000000a0000000, 0x00000000afd80000, 0x00000000e0000000)
  object space 259584K, 33% used [0x00000000a0000000,0x00000000a542f4e8,0x00000000afd80000)
 Metaspace       used 94204K, capacity 97875K, committed 98496K, reserved 1134592K
  class space    used 12801K, capacity 13526K, committed 13568K, reserved 1048576K
}
Event: 11.499 GC heap before
{Heap before GC invocations=22 (full 4):
 PSYoungGen      total 263680K, used 229376K [0x00000000e0000000, 0x00000000f4800000, 0x0000000100000000)
  eden space 229376K, 100% used [0x00000000e0000000,0x00000000ee000000,0x00000000ee000000)
  from space 34304K, 0% used [0x00000000ee000000,0x00000000ee000000,0x00000000f0180000)
  to   space 37376K, 0% used [0x00000000f2380000,0x00000000f2380000,0x00000000f4800000)
 ParOldGen       total 259584K, used 86205K [0x00000000a0000000, 0x00000000afd80000, 0x00000000e0000000)
  object space 259584K, 33% used [0x00000000a0000000,0x00000000a542f4e8,0x00000000afd80000)
 Metaspace       used 104685K, capacity 108579K, committed 109120K, reserved 1144832K
  class space    used 13964K, capacity 14709K, committed 14720K, reserved 1048576K
Event: 11.519 GC heap after
Heap after GC invocations=22 (full 4):
 PSYoungGen      total 296448K, used 27413K [0x00000000e0000000, 0x00000000f4a80000, 0x0000000100000000)
  eden space 259072K, 0% used [0x00000000e0000000,0x00000000e0000000,0x00000000efd00000)
  from space 37376K, 73% used [0x00000000f2380000,0x00000000f3e45470,0x00000000f4800000)
  to   space 39424K, 0% used [0x00000000efd00000,0x00000000efd00000,0x00000000f2380000)
 ParOldGen       total 259584K, used 86213K [0x00000000a0000000, 0x00000000afd80000, 0x00000000e0000000)
  object space 259584K, 33% used [0x00000000a0000000,0x00000000a54314e8,0x00000000afd80000)
 Metaspace       used 104685K, capacity 108579K, committed 109120K, reserved 1144832K
  class space    used 13964K, capacity 14709K, committed 14720K, reserved 1048576K
}
Event: 14.095 GC heap before
{Heap before GC invocations=23 (full 4):
 PSYoungGen      total 296448K, used 286485K [0x00000000e0000000, 0x00000000f4a80000, 0x0000000100000000)
  eden space 259072K, 100% used [0x00000000e0000000,0x00000000efd00000,0x00000000efd00000)
  from space 37376K, 73% used [0x00000000f2380000,0x00000000f3e45470,0x00000000f4800000)
  to   space 39424K, 0% used [0x00000000efd00000,0x00000000efd00000,0x00000000f2380000)
 ParOldGen       total 259584K, used 86213K [0x00000000a0000000, 0x00000000afd80000, 0x00000000e0000000)
  object space 259584K, 33% used [0x00000000a0000000,0x00000000a54314e8,0x00000000afd80000)
 Metaspace       used 113799K, capacity 117871K, committed 118464K, reserved 1153024K
  class space    used 14815K, capacity 15589K, committed 15616K, reserved 1048576K
Event: 14.120 GC heap after
Heap after GC invocations=23 (full 4):
 PSYoungGen      total 298496K, used 39411K [0x00000000e0000000, 0x00000000f4a80000, 0x0000000100000000)
  eden space 259072K, 0% used [0x00000000e0000000,0x00000000e0000000,0x00000000efd00000)
  from space 39424K, 99% used [0x00000000efd00000,0x00000000f237cf38,0x00000000f2380000)
  to   space 37376K, 0% used [0x00000000f2380000,0x00000000f2380000,0x00000000f4800000)
 ParOldGen       total 259584K, used 94752K [0x00000000a0000000, 0x00000000afd80000, 0x00000000e0000000)
  object space 259584K, 36% used [0x00000000a0000000,0x00000000a5c88240,0x00000000afd80000)
 Metaspace       used 113799K, capacity 117871K, committed 118464K, reserved 1153024K
  class space    used 14815K, capacity 15589K, committed 15616K, reserved 1048576K
}
Event: 16.290 GC heap before
{Heap before GC invocations=24 (full 4):
 PSYoungGen      total 298496K, used 298483K [0x00000000e0000000, 0x00000000f4a80000, 0x0000000100000000)
  eden space 259072K, 100% used [0x00000000e0000000,0x00000000efd00000,0x00000000efd00000)
  from space 39424K, 99% used [0x00000000efd00000,0x00000000f237cf38,0x00000000f2380000)
  to   space 37376K, 0% used [0x00000000f2380000,0x00000000f2380000,0x00000000f4800000)
 ParOldGen       total 259584K, used 94752K [0x00000000a0000000, 0x00000000afd80000, 0x00000000e0000000)
  object space 259584K, 36% used [0x00000000a0000000,0x00000000a5c88240,0x00000000afd80000)
 Metaspace       used 124682K, capacity 129793K, committed 129856K, reserved 1161216K
  class space    used 16488K, capacity 17494K, committed 17536K, reserved 1048576K
Event: 16.338 GC heap after
Heap after GC invocations=24 (full 4):
 PSYoungGen      total 296448K, used 37344K [0x00000000e0000000, 0x00000000f4a80000, 0x0000000100000000)
  eden space 259072K, 0% used [0x00000000e0000000,0x00000000e0000000,0x00000000efd00000)
  from space 37376K, 99% used [0x00000000f2380000,0x00000000f47f8090,0x00000000f4800000)
  to   space 39424K, 0% used [0x00000000efd00000,0x00000000efd00000,0x00000000f2380000)
 ParOldGen       total 259584K, used 123857K [0x00000000a0000000, 0x00000000afd80000, 0x00000000e0000000)
  object space 259584K, 47% used [0x00000000a0000000,0x00000000a78f47d0,0x00000000afd80000)
 Metaspace       used 124682K, capacity 129793K, committed 129856K, reserved 1161216K
  class space    used 16488K, capacity 17494K, committed 17536K, reserved 1048576K
}

